2020-04-22 19:34:48,328 - Log4JLogChute initialized using file 'velocity.log'
2020-04-22 19:34:48,329 - Starting Apache Velocity v1.5 (compiled: 2007-02-22 08:52:29)
2020-04-22 19:34:48,329 - Default Properties File: org/apache/velocity/runtime/defaults/velocity.properties
2020-04-22 19:34:48,329 - Trying to use logger class org.apache.velocity.runtime.log.AvalonLogChute
2020-04-22 19:34:48,331 - Couldn't find class org.apache.velocity.runtime.log.AvalonLogChute or necessary supporting classes in classpath.
java.lang.NoClassDefFoundError: org/apache/log/format/Formatter
	at java.base/java.lang.Class.forName0(Native Method)
	at java.base/java.lang.Class.forName(Class.java:398)
	at org.apache.velocity.util.ClassUtils.getClass(ClassUtils.java:63)
	at org.apache.velocity.util.ClassUtils.getNewInstance(ClassUtils.java:95)
	at org.apache.velocity.runtime.log.LogManager.createLogChute(LogManager.java:147)
	at org.apache.velocity.runtime.log.LogManager.updateLog(LogManager.java:208)
	at org.apache.velocity.runtime.RuntimeInstance.initializeLog(RuntimeInstance.java:728)
	at org.apache.velocity.runtime.RuntimeInstance.init(RuntimeInstance.java:240)
	at org.apache.velocity.runtime.RuntimeInstance.init(RuntimeInstance.java:534)
	at org.apache.velocity.app.VelocityEngine.init(VelocityEngine.java:144)
	at org.eclipse.jpt.jpa.gen.internal.PackageGenerator.generateClass(PackageGenerator.java:303)
	at org.eclipse.jpt.jpa.gen.internal.PackageGenerator.generateInternal(PackageGenerator.java:132)
	at org.eclipse.jpt.jpa.gen.internal.PackageGenerator.doGenerate(PackageGenerator.java:106)
	at org.eclipse.jpt.jpa.gen.internal.PackageGenerator.generate(PackageGenerator.java:82)
	at org.eclipse.jpt.jpa.ui.internal.wizards.gen.GenerateEntitiesFromSchemaWizard$GenerateEntitiesJob.runInWorkspace(GenerateEntitiesFromSchemaWizard.java:285)
	at org.eclipse.core.internal.resources.InternalWorkspaceJob.run(InternalWorkspaceJob.java:42)
	at org.eclipse.core.internal.jobs.Worker.run(Worker.java:63)
Caused by: java.lang.ClassNotFoundException: org.apache.log.format.Formatter cannot be found by org.apache.velocity_1.5.0.v200905192330
	at org.eclipse.osgi.internal.loader.BundleLoader.findClass(BundleLoader.java:516)
	at org.eclipse.osgi.internal.loader.ModuleClassLoader.loadClass(ModuleClassLoader.java:171)
	at java.base/java.lang.ClassLoader.loadClass(ClassLoader.java:521)
	... 17 more
2020-04-22 19:34:48,332 - Trying to use logger class org.apache.velocity.runtime.log.Log4JLogChute
2020-04-22 19:34:48,332 - Using logger class org.apache.velocity.runtime.log.Log4JLogChute
2020-04-22 19:34:48,337 - Default ResourceManager initializing. (class org.apache.velocity.runtime.resource.ResourceManagerImpl)
2020-04-22 19:34:48,343 - ResourceLoader instantiated: org.apache.velocity.runtime.resource.loader.FileResourceLoader
2020-04-22 19:34:48,345 - Do unicode file recognition:  false
2020-04-22 19:34:48,345 - FileResourceLoader : adding path '/home/gustavo/eclipse/jee-2020-032/eclipse/configuration/org.eclipse.jpt.jpa.gen/templates/entities'
2020-04-22 19:34:48,417 - ResourceCache: initialized (class org.apache.velocity.runtime.resource.ResourceCacheImpl)
2020-04-22 19:34:48,419 - Loaded System Directive: org.apache.velocity.runtime.directive.Literal
2020-04-22 19:34:48,422 - Loaded System Directive: org.apache.velocity.runtime.directive.Macro
2020-04-22 19:34:48,425 - Loaded System Directive: org.apache.velocity.runtime.directive.Parse
2020-04-22 19:34:48,427 - Loaded System Directive: org.apache.velocity.runtime.directive.Include
2020-04-22 19:34:48,428 - Loaded System Directive: org.apache.velocity.runtime.directive.Foreach
2020-04-22 19:34:48,467 - Created '20' parsers.
2020-04-22 19:34:48,473 - Velocimacro : "velocimacro.library" is not set.  Trying default library: VM_global_library.vm
2020-04-22 19:34:48,488 - Velocimacro : Default library not found.
2020-04-22 19:34:48,488 - Velocimacro : allowInline = true : VMs can be defined inline in templates
2020-04-22 19:34:48,488 - Velocimacro : allowInlineToOverride = false : VMs defined inline may NOT replace previous VM definitions
2020-04-22 19:34:48,488 - Velocimacro : allowInlineLocal = false : VMs defined inline will be global in scope if allowed.
2020-04-22 19:34:48,488 - Velocimacro : autoload off : VM system will not automatically reload global library macros
2020-04-22 19:34:48,566 - ResourceManager : found main.java.vm with loader org.apache.velocity.runtime.resource.loader.FileResourceLoader
2020-04-22 19:34:48,628 - ResourceManager : found mappingKind.vm with loader org.apache.velocity.runtime.resource.loader.FileResourceLoader
2020-04-22 19:34:48,646 - Velocimacro : added #append(  members parameters ) : source = column.vm
2020-04-22 19:34:48,673 - ResourceManager : found column.vm with loader org.apache.velocity.runtime.resource.loader.FileResourceLoader
2020-04-22 19:34:48,680 - ResourceManager : found mappingKind.vm with loader org.apache.velocity.runtime.resource.loader.FileResourceLoader
2020-04-22 19:34:48,681 - Velocimacro : VM addition rejected : append : inline not allowed to replace existing VM
2020-04-22 19:34:48,681 - Failed to add macro: #append(  members parameters ) : source = column.vm
2020-04-22 19:34:48,697 - ResourceManager : found column.vm with loader org.apache.velocity.runtime.resource.loader.FileResourceLoader
2020-04-22 19:34:48,702 - ResourceManager : found mappingKind.vm with loader org.apache.velocity.runtime.resource.loader.FileResourceLoader
2020-04-22 19:34:48,704 - Velocimacro : VM addition rejected : append : inline not allowed to replace existing VM
2020-04-22 19:34:48,704 - Failed to add macro: #append(  members parameters ) : source = column.vm
2020-04-22 19:34:48,716 - ResourceManager : found column.vm with loader org.apache.velocity.runtime.resource.loader.FileResourceLoader
2020-04-22 19:34:48,721 - ResourceManager : found mappingKind.vm with loader org.apache.velocity.runtime.resource.loader.FileResourceLoader
2020-04-22 19:34:48,722 - Velocimacro : VM addition rejected : append : inline not allowed to replace existing VM
2020-04-22 19:34:48,722 - Failed to add macro: #append(  members parameters ) : source = column.vm
2020-04-22 19:34:48,734 - ResourceManager : found column.vm with loader org.apache.velocity.runtime.resource.loader.FileResourceLoader
2020-04-22 19:34:48,739 - ResourceManager : found mappingKind.vm with loader org.apache.velocity.runtime.resource.loader.FileResourceLoader
2020-04-22 19:34:48,740 - Velocimacro : VM addition rejected : append : inline not allowed to replace existing VM
2020-04-22 19:34:48,740 - Failed to add macro: #append(  members parameters ) : source = column.vm
2020-04-22 19:34:48,752 - ResourceManager : found column.vm with loader org.apache.velocity.runtime.resource.loader.FileResourceLoader
2020-04-22 19:34:48,756 - ResourceManager : found mappingKind.vm with loader org.apache.velocity.runtime.resource.loader.FileResourceLoader
2020-04-22 19:34:48,757 - Velocimacro : VM addition rejected : append : inline not allowed to replace existing VM
2020-04-22 19:34:48,757 - Failed to add macro: #append(  members parameters ) : source = column.vm
2020-04-22 19:34:48,769 - ResourceManager : found column.vm with loader org.apache.velocity.runtime.resource.loader.FileResourceLoader
2020-04-22 19:34:48,774 - ResourceManager : found oneToMany.vm with loader org.apache.velocity.runtime.resource.loader.FileResourceLoader
2020-04-22 19:34:48,796 - ResourceManager : found oneToManyMethods.vm with loader org.apache.velocity.runtime.resource.loader.FileResourceLoader
2020-04-22 19:34:48,850 - Log4JLogChute initialized using file 'velocity.log'
2020-04-22 19:34:48,850 - Log4JLogChute initialized using file 'velocity.log'
2020-04-22 19:34:48,850 - Starting Apache Velocity v1.5 (compiled: 2007-02-22 08:52:29)
2020-04-22 19:34:48,850 - Starting Apache Velocity v1.5 (compiled: 2007-02-22 08:52:29)
2020-04-22 19:34:48,851 - Default Properties File: org/apache/velocity/runtime/defaults/velocity.properties
2020-04-22 19:34:48,851 - Default Properties File: org/apache/velocity/runtime/defaults/velocity.properties
2020-04-22 19:34:48,851 - Trying to use logger class org.apache.velocity.runtime.log.AvalonLogChute
2020-04-22 19:34:48,851 - Trying to use logger class org.apache.velocity.runtime.log.AvalonLogChute
2020-04-22 19:34:48,851 - Couldn't find class org.apache.velocity.runtime.log.AvalonLogChute or necessary supporting classes in classpath.
java.lang.NoClassDefFoundError: org/apache/log/format/Formatter
	at java.base/java.lang.Class.forName0(Native Method)
	at java.base/java.lang.Class.forName(Class.java:398)
	at org.apache.velocity.util.ClassUtils.getClass(ClassUtils.java:63)
	at org.apache.velocity.util.ClassUtils.getNewInstance(ClassUtils.java:95)
	at org.apache.velocity.runtime.log.LogManager.createLogChute(LogManager.java:147)
	at org.apache.velocity.runtime.log.LogManager.updateLog(LogManager.java:208)
	at org.apache.velocity.runtime.RuntimeInstance.initializeLog(RuntimeInstance.java:728)
	at org.apache.velocity.runtime.RuntimeInstance.init(RuntimeInstance.java:240)
	at org.apache.velocity.runtime.RuntimeInstance.init(RuntimeInstance.java:534)
	at org.apache.velocity.app.VelocityEngine.init(VelocityEngine.java:144)
	at org.eclipse.jpt.jpa.gen.internal.PackageGenerator.generateClass(PackageGenerator.java:303)
	at org.eclipse.jpt.jpa.gen.internal.PackageGenerator.generateInternal(PackageGenerator.java:132)
	at org.eclipse.jpt.jpa.gen.internal.PackageGenerator.doGenerate(PackageGenerator.java:106)
	at org.eclipse.jpt.jpa.gen.internal.PackageGenerator.generate(PackageGenerator.java:82)
	at org.eclipse.jpt.jpa.ui.internal.wizards.gen.GenerateEntitiesFromSchemaWizard$GenerateEntitiesJob.runInWorkspace(GenerateEntitiesFromSchemaWizard.java:285)
	at org.eclipse.core.internal.resources.InternalWorkspaceJob.run(InternalWorkspaceJob.java:42)
	at org.eclipse.core.internal.jobs.Worker.run(Worker.java:63)
Caused by: java.lang.ClassNotFoundException: org.apache.log.format.Formatter cannot be found by org.apache.velocity_1.5.0.v200905192330
	at org.eclipse.osgi.internal.loader.BundleLoader.findClass(BundleLoader.java:516)
	at org.eclipse.osgi.internal.loader.ModuleClassLoader.loadClass(ModuleClassLoader.java:171)
	at java.base/java.lang.ClassLoader.loadClass(ClassLoader.java:521)
	... 17 more
2020-04-22 19:34:48,851 - Couldn't find class org.apache.velocity.runtime.log.AvalonLogChute or necessary supporting classes in classpath.
java.lang.NoClassDefFoundError: org/apache/log/format/Formatter
	at java.base/java.lang.Class.forName0(Native Method)
	at java.base/java.lang.Class.forName(Class.java:398)
	at org.apache.velocity.util.ClassUtils.getClass(ClassUtils.java:63)
	at org.apache.velocity.util.ClassUtils.getNewInstance(ClassUtils.java:95)
	at org.apache.velocity.runtime.log.LogManager.createLogChute(LogManager.java:147)
	at org.apache.velocity.runtime.log.LogManager.updateLog(LogManager.java:208)
	at org.apache.velocity.runtime.RuntimeInstance.initializeLog(RuntimeInstance.java:728)
	at org.apache.velocity.runtime.RuntimeInstance.init(RuntimeInstance.java:240)
	at org.apache.velocity.runtime.RuntimeInstance.init(RuntimeInstance.java:534)
	at org.apache.velocity.app.VelocityEngine.init(VelocityEngine.java:144)
	at org.eclipse.jpt.jpa.gen.internal.PackageGenerator.generateClass(PackageGenerator.java:303)
	at org.eclipse.jpt.jpa.gen.internal.PackageGenerator.generateInternal(PackageGenerator.java:132)
	at org.eclipse.jpt.jpa.gen.internal.PackageGenerator.doGenerate(PackageGenerator.java:106)
	at org.eclipse.jpt.jpa.gen.internal.PackageGenerator.generate(PackageGenerator.java:82)
	at org.eclipse.jpt.jpa.ui.internal.wizards.gen.GenerateEntitiesFromSchemaWizard$GenerateEntitiesJob.runInWorkspace(GenerateEntitiesFromSchemaWizard.java:285)
	at org.eclipse.core.internal.resources.InternalWorkspaceJob.run(InternalWorkspaceJob.java:42)
	at org.eclipse.core.internal.jobs.Worker.run(Worker.java:63)
Caused by: java.lang.ClassNotFoundException: org.apache.log.format.Formatter cannot be found by org.apache.velocity_1.5.0.v200905192330
	at org.eclipse.osgi.internal.loader.BundleLoader.findClass(BundleLoader.java:516)
	at org.eclipse.osgi.internal.loader.ModuleClassLoader.loadClass(ModuleClassLoader.java:171)
	at java.base/java.lang.ClassLoader.loadClass(ClassLoader.java:521)
	... 17 more
2020-04-22 19:34:48,851 - Trying to use logger class org.apache.velocity.runtime.log.Log4JLogChute
2020-04-22 19:34:48,851 - Trying to use logger class org.apache.velocity.runtime.log.Log4JLogChute
2020-04-22 19:34:48,851 - Using logger class org.apache.velocity.runtime.log.Log4JLogChute
2020-04-22 19:34:48,851 - Using logger class org.apache.velocity.runtime.log.Log4JLogChute
2020-04-22 19:34:48,851 - Default ResourceManager initializing. (class org.apache.velocity.runtime.resource.ResourceManagerImpl)
2020-04-22 19:34:48,851 - Default ResourceManager initializing. (class org.apache.velocity.runtime.resource.ResourceManagerImpl)
2020-04-22 19:34:48,852 - ResourceLoader instantiated: org.apache.velocity.runtime.resource.loader.FileResourceLoader
2020-04-22 19:34:48,852 - ResourceLoader instantiated: org.apache.velocity.runtime.resource.loader.FileResourceLoader
2020-04-22 19:34:48,852 - Do unicode file recognition:  false
2020-04-22 19:34:48,852 - Do unicode file recognition:  false
2020-04-22 19:34:48,852 - FileResourceLoader : adding path '/home/gustavo/eclipse/jee-2020-032/eclipse/configuration/org.eclipse.jpt.jpa.gen/templates/entities'
2020-04-22 19:34:48,852 - FileResourceLoader : adding path '/home/gustavo/eclipse/jee-2020-032/eclipse/configuration/org.eclipse.jpt.jpa.gen/templates/entities'
2020-04-22 19:34:48,852 - ResourceCache: initialized (class org.apache.velocity.runtime.resource.ResourceCacheImpl)
2020-04-22 19:34:48,852 - ResourceCache: initialized (class org.apache.velocity.runtime.resource.ResourceCacheImpl)
2020-04-22 19:34:48,852 - Loaded System Directive: org.apache.velocity.runtime.directive.Literal
2020-04-22 19:34:48,852 - Loaded System Directive: org.apache.velocity.runtime.directive.Literal
2020-04-22 19:34:48,852 - Loaded System Directive: org.apache.velocity.runtime.directive.Macro
2020-04-22 19:34:48,852 - Loaded System Directive: org.apache.velocity.runtime.directive.Macro
2020-04-22 19:34:48,853 - Loaded System Directive: org.apache.velocity.runtime.directive.Parse
2020-04-22 19:34:48,853 - Loaded System Directive: org.apache.velocity.runtime.directive.Parse
2020-04-22 19:34:48,853 - Loaded System Directive: org.apache.velocity.runtime.directive.Include
2020-04-22 19:34:48,853 - Loaded System Directive: org.apache.velocity.runtime.directive.Include
2020-04-22 19:34:48,853 - Loaded System Directive: org.apache.velocity.runtime.directive.Foreach
2020-04-22 19:34:48,853 - Loaded System Directive: org.apache.velocity.runtime.directive.Foreach
2020-04-22 19:34:48,855 - Created '20' parsers.
2020-04-22 19:34:48,855 - Created '20' parsers.
2020-04-22 19:34:48,855 - Velocimacro : "velocimacro.library" is not set.  Trying default library: VM_global_library.vm
2020-04-22 19:34:48,855 - Velocimacro : "velocimacro.library" is not set.  Trying default library: VM_global_library.vm
2020-04-22 19:34:48,855 - Velocimacro : Default library not found.
2020-04-22 19:34:48,855 - Velocimacro : Default library not found.
2020-04-22 19:34:48,855 - Velocimacro : allowInline = true : VMs can be defined inline in templates
2020-04-22 19:34:48,855 - Velocimacro : allowInline = true : VMs can be defined inline in templates
2020-04-22 19:34:48,856 - Velocimacro : allowInlineToOverride = false : VMs defined inline may NOT replace previous VM definitions
2020-04-22 19:34:48,856 - Velocimacro : allowInlineToOverride = false : VMs defined inline may NOT replace previous VM definitions
2020-04-22 19:34:48,856 - Velocimacro : allowInlineLocal = false : VMs defined inline will be global in scope if allowed.
2020-04-22 19:34:48,856 - Velocimacro : allowInlineLocal = false : VMs defined inline will be global in scope if allowed.
2020-04-22 19:34:48,856 - Velocimacro : autoload off : VM system will not automatically reload global library macros
2020-04-22 19:34:48,856 - Velocimacro : autoload off : VM system will not automatically reload global library macros
2020-04-22 19:34:48,868 - ResourceManager : found main.java.vm with loader org.apache.velocity.runtime.resource.loader.FileResourceLoader
2020-04-22 19:34:48,868 - ResourceManager : found main.java.vm with loader org.apache.velocity.runtime.resource.loader.FileResourceLoader
2020-04-22 19:34:48,881 - ResourceManager : found mappingKind.vm with loader org.apache.velocity.runtime.resource.loader.FileResourceLoader
2020-04-22 19:34:48,881 - ResourceManager : found mappingKind.vm with loader org.apache.velocity.runtime.resource.loader.FileResourceLoader
2020-04-22 19:34:48,885 - Velocimacro : added #append(  members parameters ) : source = column.vm
2020-04-22 19:34:48,885 - Velocimacro : added #append(  members parameters ) : source = column.vm
2020-04-22 19:34:48,896 - ResourceManager : found column.vm with loader org.apache.velocity.runtime.resource.loader.FileResourceLoader
2020-04-22 19:34:48,896 - ResourceManager : found column.vm with loader org.apache.velocity.runtime.resource.loader.FileResourceLoader
2020-04-22 19:34:48,902 - ResourceManager : found mappingKind.vm with loader org.apache.velocity.runtime.resource.loader.FileResourceLoader
2020-04-22 19:34:48,902 - ResourceManager : found mappingKind.vm with loader org.apache.velocity.runtime.resource.loader.FileResourceLoader
2020-04-22 19:34:48,904 - Velocimacro : VM addition rejected : append : inline not allowed to replace existing VM
2020-04-22 19:34:48,904 - Velocimacro : VM addition rejected : append : inline not allowed to replace existing VM
2020-04-22 19:34:48,904 - Failed to add macro: #append(  members parameters ) : source = column.vm
2020-04-22 19:34:48,904 - Failed to add macro: #append(  members parameters ) : source = column.vm
2020-04-22 19:34:48,921 - ResourceManager : found column.vm with loader org.apache.velocity.runtime.resource.loader.FileResourceLoader
2020-04-22 19:34:48,921 - ResourceManager : found column.vm with loader org.apache.velocity.runtime.resource.loader.FileResourceLoader
2020-04-22 19:34:48,925 - ResourceManager : found mappingKind.vm with loader org.apache.velocity.runtime.resource.loader.FileResourceLoader
2020-04-22 19:34:48,925 - ResourceManager : found mappingKind.vm with loader org.apache.velocity.runtime.resource.loader.FileResourceLoader
2020-04-22 19:34:48,926 - Velocimacro : VM addition rejected : append : inline not allowed to replace existing VM
2020-04-22 19:34:48,926 - Velocimacro : VM addition rejected : append : inline not allowed to replace existing VM
2020-04-22 19:34:48,927 - Failed to add macro: #append(  members parameters ) : source = column.vm
2020-04-22 19:34:48,927 - Failed to add macro: #append(  members parameters ) : source = column.vm
2020-04-22 19:34:48,938 - ResourceManager : found column.vm with loader org.apache.velocity.runtime.resource.loader.FileResourceLoader
2020-04-22 19:34:48,938 - ResourceManager : found column.vm with loader org.apache.velocity.runtime.resource.loader.FileResourceLoader
2020-04-22 19:34:48,942 - ResourceManager : found mappingKind.vm with loader org.apache.velocity.runtime.resource.loader.FileResourceLoader
2020-04-22 19:34:48,942 - ResourceManager : found mappingKind.vm with loader org.apache.velocity.runtime.resource.loader.FileResourceLoader
2020-04-22 19:34:48,946 - Velocimacro : VM addition rejected : append : inline not allowed to replace existing VM
2020-04-22 19:34:48,946 - Velocimacro : VM addition rejected : append : inline not allowed to replace existing VM
2020-04-22 19:34:48,946 - Failed to add macro: #append(  members parameters ) : source = column.vm
2020-04-22 19:34:48,946 - Failed to add macro: #append(  members parameters ) : source = column.vm
2020-04-22 19:34:48,957 - ResourceManager : found column.vm with loader org.apache.velocity.runtime.resource.loader.FileResourceLoader
2020-04-22 19:34:48,957 - ResourceManager : found column.vm with loader org.apache.velocity.runtime.resource.loader.FileResourceLoader
2020-04-22 19:34:48,969 - ResourceManager : found mappingKind.vm with loader org.apache.velocity.runtime.resource.loader.FileResourceLoader
2020-04-22 19:34:48,969 - ResourceManager : found mappingKind.vm with loader org.apache.velocity.runtime.resource.loader.FileResourceLoader
2020-04-22 19:34:48,970 - Velocimacro : VM addition rejected : append : inline not allowed to replace existing VM
2020-04-22 19:34:48,970 - Velocimacro : VM addition rejected : append : inline not allowed to replace existing VM
2020-04-22 19:34:48,970 - Failed to add macro: #append(  members parameters ) : source = column.vm
2020-04-22 19:34:48,970 - Failed to add macro: #append(  members parameters ) : source = column.vm
2020-04-22 19:34:48,986 - ResourceManager : found column.vm with loader org.apache.velocity.runtime.resource.loader.FileResourceLoader
2020-04-22 19:34:48,986 - ResourceManager : found column.vm with loader org.apache.velocity.runtime.resource.loader.FileResourceLoader
2020-04-22 19:34:48,989 - ResourceManager : found manyToOne.vm with loader org.apache.velocity.runtime.resource.loader.FileResourceLoader
2020-04-22 19:34:48,989 - ResourceManager : found manyToOne.vm with loader org.apache.velocity.runtime.resource.loader.FileResourceLoader
2020-04-22 19:34:48,991 - Velocimacro : added #joinColumn(  column referencedColumn ) : source = join.vm
2020-04-22 19:34:48,991 - Velocimacro : added #joinColumn(  column referencedColumn ) : source = join.vm
2020-04-22 19:34:49,006 - ResourceManager : found join.vm with loader org.apache.velocity.runtime.resource.loader.FileResourceLoader
2020-04-22 19:34:49,006 - ResourceManager : found join.vm with loader org.apache.velocity.runtime.resource.loader.FileResourceLoader
