2020-04-30 20:02:41,604 - Log4JLogChute initialized using file 'velocity.log'
2020-04-30 20:02:41,605 - Starting Apache Velocity v1.5 (compiled: 2007-02-22 08:52:29)
2020-04-30 20:02:41,605 - Default Properties File: org/apache/velocity/runtime/defaults/velocity.properties
2020-04-30 20:02:41,605 - Trying to use logger class org.apache.velocity.runtime.log.AvalonLogChute
2020-04-30 20:02:41,606 - Couldn't find class org.apache.velocity.runtime.log.AvalonLogChute or necessary supporting classes in classpath.
java.lang.NoClassDefFoundError: org/apache/log/format/Formatter
	at java.base/java.lang.Class.forName0(Native Method)
	at java.base/java.lang.Class.forName(Class.java:398)
	at org.apache.velocity.util.ClassUtils.getClass(ClassUtils.java:63)
	at org.apache.velocity.util.ClassUtils.getNewInstance(ClassUtils.java:95)
	at org.apache.velocity.runtime.log.LogManager.createLogChute(LogManager.java:147)
	at org.apache.velocity.runtime.log.LogManager.updateLog(LogManager.java:208)
	at org.apache.velocity.runtime.RuntimeInstance.initializeLog(RuntimeInstance.java:728)
	at org.apache.velocity.runtime.RuntimeInstance.init(RuntimeInstance.java:240)
	at org.apache.velocity.runtime.RuntimeInstance.init(RuntimeInstance.java:534)
	at org.apache.velocity.app.VelocityEngine.init(VelocityEngine.java:144)
	at org.eclipse.jpt.jpa.gen.internal.PackageGenerator.generateClass(PackageGenerator.java:303)
	at org.eclipse.jpt.jpa.gen.internal.PackageGenerator.generateInternal(PackageGenerator.java:132)
	at org.eclipse.jpt.jpa.gen.internal.PackageGenerator.doGenerate(PackageGenerator.java:106)
	at org.eclipse.jpt.jpa.gen.internal.PackageGenerator.generate(PackageGenerator.java:82)
	at org.eclipse.jpt.jpa.ui.internal.wizards.gen.GenerateEntitiesFromSchemaWizard$GenerateEntitiesJob.runInWorkspace(GenerateEntitiesFromSchemaWizard.java:285)
	at org.eclipse.core.internal.resources.InternalWorkspaceJob.run(InternalWorkspaceJob.java:42)
	at org.eclipse.core.internal.jobs.Worker.run(Worker.java:63)
Caused by: java.lang.ClassNotFoundException: org.apache.log.format.Formatter cannot be found by org.apache.velocity_1.5.0.v200905192330
	at org.eclipse.osgi.internal.loader.BundleLoader.findClass(BundleLoader.java:516)
	at org.eclipse.osgi.internal.loader.ModuleClassLoader.loadClass(ModuleClassLoader.java:171)
	at java.base/java.lang.ClassLoader.loadClass(ClassLoader.java:522)
	... 17 more
2020-04-30 20:02:41,607 - Trying to use logger class org.apache.velocity.runtime.log.Log4JLogChute
2020-04-30 20:02:41,607 - Using logger class org.apache.velocity.runtime.log.Log4JLogChute
2020-04-30 20:02:41,611 - Default ResourceManager initializing. (class org.apache.velocity.runtime.resource.ResourceManagerImpl)
2020-04-30 20:02:41,616 - ResourceLoader instantiated: org.apache.velocity.runtime.resource.loader.FileResourceLoader
2020-04-30 20:02:41,618 - Do unicode file recognition:  false
2020-04-30 20:02:41,618 - FileResourceLoader : adding path '/home/gustavo/eclipse/jee-2020-032/eclipse/configuration/org.eclipse.jpt.jpa.gen/templates/entities'
2020-04-30 20:02:41,654 - ResourceCache: initialized (class org.apache.velocity.runtime.resource.ResourceCacheImpl)
2020-04-30 20:02:41,656 - Loaded System Directive: org.apache.velocity.runtime.directive.Literal
2020-04-30 20:02:41,658 - Loaded System Directive: org.apache.velocity.runtime.directive.Macro
2020-04-30 20:02:41,661 - Loaded System Directive: org.apache.velocity.runtime.directive.Parse
2020-04-30 20:02:41,663 - Loaded System Directive: org.apache.velocity.runtime.directive.Include
2020-04-30 20:02:41,664 - Loaded System Directive: org.apache.velocity.runtime.directive.Foreach
2020-04-30 20:02:41,780 - Created '20' parsers.
2020-04-30 20:02:41,787 - Velocimacro : "velocimacro.library" is not set.  Trying default library: VM_global_library.vm
2020-04-30 20:02:41,809 - Velocimacro : Default library not found.
2020-04-30 20:02:41,809 - Velocimacro : allowInline = true : VMs can be defined inline in templates
2020-04-30 20:02:41,809 - Velocimacro : allowInlineToOverride = false : VMs defined inline may NOT replace previous VM definitions
2020-04-30 20:02:41,809 - Velocimacro : allowInlineLocal = false : VMs defined inline will be global in scope if allowed.
2020-04-30 20:02:41,809 - Velocimacro : autoload off : VM system will not automatically reload global library macros
2020-04-30 20:02:41,889 - ResourceManager : found main.java.vm with loader org.apache.velocity.runtime.resource.loader.FileResourceLoader
2020-04-30 20:02:41,933 - ResourceManager : found mappingKind.vm with loader org.apache.velocity.runtime.resource.loader.FileResourceLoader
2020-04-30 20:02:41,941 - Velocimacro : added #append(  members parameters ) : source = column.vm
2020-04-30 20:02:41,965 - ResourceManager : found column.vm with loader org.apache.velocity.runtime.resource.loader.FileResourceLoader
2020-04-30 20:02:41,976 - ResourceManager : found mappingKind.vm with loader org.apache.velocity.runtime.resource.loader.FileResourceLoader
2020-04-30 20:02:41,978 - Velocimacro : VM addition rejected : append : inline not allowed to replace existing VM
2020-04-30 20:02:41,978 - Failed to add macro: #append(  members parameters ) : source = column.vm
2020-04-30 20:02:41,991 - ResourceManager : found column.vm with loader org.apache.velocity.runtime.resource.loader.FileResourceLoader
2020-04-30 20:02:41,996 - ResourceManager : found mappingKind.vm with loader org.apache.velocity.runtime.resource.loader.FileResourceLoader
2020-04-30 20:02:41,997 - Velocimacro : VM addition rejected : append : inline not allowed to replace existing VM
2020-04-30 20:02:41,997 - Failed to add macro: #append(  members parameters ) : source = column.vm
2020-04-30 20:02:42,008 - ResourceManager : found column.vm with loader org.apache.velocity.runtime.resource.loader.FileResourceLoader
2020-04-30 20:02:42,013 - ResourceManager : found mappingKind.vm with loader org.apache.velocity.runtime.resource.loader.FileResourceLoader
2020-04-30 20:02:42,014 - Velocimacro : VM addition rejected : append : inline not allowed to replace existing VM
2020-04-30 20:02:42,014 - Failed to add macro: #append(  members parameters ) : source = column.vm
2020-04-30 20:02:42,025 - ResourceManager : found column.vm with loader org.apache.velocity.runtime.resource.loader.FileResourceLoader
2020-04-30 22:38:40,696 - Log4JLogChute initialized using file 'velocity.log'
2020-04-30 22:38:40,699 - Starting Apache Velocity v1.5 (compiled: 2007-02-22 08:52:29)
2020-04-30 22:38:40,700 - Default Properties File: org/apache/velocity/runtime/defaults/velocity.properties
2020-04-30 22:38:40,700 - Trying to use logger class org.apache.velocity.runtime.log.AvalonLogChute
2020-04-30 22:38:40,701 - Couldn't find class org.apache.velocity.runtime.log.AvalonLogChute or necessary supporting classes in classpath.
java.lang.NoClassDefFoundError: org/apache/log/format/Formatter
	at java.base/java.lang.Class.forName0(Native Method)
	at java.base/java.lang.Class.forName(Class.java:398)
	at org.apache.velocity.util.ClassUtils.getClass(ClassUtils.java:63)
	at org.apache.velocity.util.ClassUtils.getNewInstance(ClassUtils.java:95)
	at org.apache.velocity.runtime.log.LogManager.createLogChute(LogManager.java:147)
	at org.apache.velocity.runtime.log.LogManager.updateLog(LogManager.java:208)
	at org.apache.velocity.runtime.RuntimeInstance.initializeLog(RuntimeInstance.java:728)
	at org.apache.velocity.runtime.RuntimeInstance.init(RuntimeInstance.java:240)
	at org.apache.velocity.runtime.RuntimeInstance.init(RuntimeInstance.java:534)
	at org.apache.velocity.app.VelocityEngine.init(VelocityEngine.java:144)
	at org.eclipse.jpt.jpa.gen.internal.PackageGenerator.generateClass(PackageGenerator.java:303)
	at org.eclipse.jpt.jpa.gen.internal.PackageGenerator.generateInternal(PackageGenerator.java:132)
	at org.eclipse.jpt.jpa.gen.internal.PackageGenerator.doGenerate(PackageGenerator.java:106)
	at org.eclipse.jpt.jpa.gen.internal.PackageGenerator.generate(PackageGenerator.java:82)
	at org.eclipse.jpt.jpa.ui.internal.wizards.gen.GenerateEntitiesFromSchemaWizard$GenerateEntitiesJob.runInWorkspace(GenerateEntitiesFromSchemaWizard.java:285)
	at org.eclipse.core.internal.resources.InternalWorkspaceJob.run(InternalWorkspaceJob.java:42)
	at org.eclipse.core.internal.jobs.Worker.run(Worker.java:63)
Caused by: java.lang.ClassNotFoundException: org.apache.log.format.Formatter cannot be found by org.apache.velocity_1.5.0.v200905192330
	at org.eclipse.osgi.internal.loader.BundleLoader.findClass(BundleLoader.java:516)
	at org.eclipse.osgi.internal.loader.ModuleClassLoader.loadClass(ModuleClassLoader.java:171)
	at java.base/java.lang.ClassLoader.loadClass(ClassLoader.java:522)
	... 17 more
2020-04-30 22:38:40,702 - Trying to use logger class org.apache.velocity.runtime.log.Log4JLogChute
2020-04-30 22:38:40,712 - Using logger class org.apache.velocity.runtime.log.Log4JLogChute
2020-04-30 22:38:40,725 - Default ResourceManager initializing. (class org.apache.velocity.runtime.resource.ResourceManagerImpl)
2020-04-30 22:38:40,743 - ResourceLoader instantiated: org.apache.velocity.runtime.resource.loader.FileResourceLoader
2020-04-30 22:38:40,747 - Do unicode file recognition:  false
2020-04-30 22:38:40,753 - FileResourceLoader : adding path '/home/gustavo/eclipse/jee-2020-032/eclipse/configuration/org.eclipse.jpt.jpa.gen/templates/entities'
2020-04-30 22:38:40,768 - ResourceCache: initialized (class org.apache.velocity.runtime.resource.ResourceCacheImpl)
2020-04-30 22:38:40,772 - Loaded System Directive: org.apache.velocity.runtime.directive.Literal
2020-04-30 22:38:40,775 - Loaded System Directive: org.apache.velocity.runtime.directive.Macro
2020-04-30 22:38:40,777 - Loaded System Directive: org.apache.velocity.runtime.directive.Parse
2020-04-30 22:38:40,779 - Loaded System Directive: org.apache.velocity.runtime.directive.Include
2020-04-30 22:38:40,780 - Loaded System Directive: org.apache.velocity.runtime.directive.Foreach
2020-04-30 22:38:40,819 - Created '20' parsers.
2020-04-30 22:38:40,827 - Velocimacro : "velocimacro.library" is not set.  Trying default library: VM_global_library.vm
2020-04-30 22:38:40,828 - Velocimacro : Default library not found.
2020-04-30 22:38:40,828 - Velocimacro : allowInline = true : VMs can be defined inline in templates
2020-04-30 22:38:40,828 - Velocimacro : allowInlineToOverride = false : VMs defined inline may NOT replace previous VM definitions
2020-04-30 22:38:40,828 - Velocimacro : allowInlineLocal = false : VMs defined inline will be global in scope if allowed.
2020-04-30 22:38:40,828 - Velocimacro : autoload off : VM system will not automatically reload global library macros
2020-04-30 22:38:40,930 - ResourceManager : found main.java.vm with loader org.apache.velocity.runtime.resource.loader.FileResourceLoader
2020-04-30 22:38:40,980 - ResourceManager : found mappingKind.vm with loader org.apache.velocity.runtime.resource.loader.FileResourceLoader
2020-04-30 22:38:40,987 - Velocimacro : added #append(  members parameters ) : source = column.vm
2020-04-30 22:38:41,019 - ResourceManager : found column.vm with loader org.apache.velocity.runtime.resource.loader.FileResourceLoader
2020-04-30 22:38:41,034 - ResourceManager : found mappingKind.vm with loader org.apache.velocity.runtime.resource.loader.FileResourceLoader
2020-04-30 22:38:41,038 - Velocimacro : VM addition rejected : append : inline not allowed to replace existing VM
2020-04-30 22:38:41,041 - Failed to add macro: #append(  members parameters ) : source = column.vm
2020-04-30 22:38:41,061 - ResourceManager : found column.vm with loader org.apache.velocity.runtime.resource.loader.FileResourceLoader
2020-04-30 22:38:41,066 - ResourceManager : found mappingKind.vm with loader org.apache.velocity.runtime.resource.loader.FileResourceLoader
2020-04-30 22:38:41,068 - Velocimacro : VM addition rejected : append : inline not allowed to replace existing VM
2020-04-30 22:38:41,068 - Failed to add macro: #append(  members parameters ) : source = column.vm
2020-04-30 22:38:41,081 - ResourceManager : found column.vm with loader org.apache.velocity.runtime.resource.loader.FileResourceLoader
2020-04-30 22:38:41,093 - ResourceManager : found mappingKind.vm with loader org.apache.velocity.runtime.resource.loader.FileResourceLoader
2020-04-30 22:38:41,094 - Velocimacro : VM addition rejected : append : inline not allowed to replace existing VM
2020-04-30 22:38:41,094 - Failed to add macro: #append(  members parameters ) : source = column.vm
2020-04-30 22:38:41,105 - ResourceManager : found column.vm with loader org.apache.velocity.runtime.resource.loader.FileResourceLoader
